<?xml version="1.0" encoding="utf-8"?><testsuites><testsuite errors="0" failures="0" hostname="LENOVO" name="pytest" skipped="0" tests="1" time="1.973" timestamp="2020-04-26T16:45:04.285494"><testcase classname="test_main" file="test_main.py" line="7" name="test_requesttoken" time="0.193"></testcase></testsuite></testsuites>