<?xml version="1.0" encoding="utf-8"?><testsuites><testsuite errors="0" failures="0" hostname="LENOVO" name="pytest" skipped="0" tests="6" time="2.463" timestamp="2020-04-26T16:09:13.215404"><testcase classname="test_main" file="test_main.py" line="31" name="test_baby_test" time="0.001"></testcase><testcase classname="test_main" file="test_main.py" line="26" name="test_get_rawxml_wrong_file_name" time="0.002"></testcase><testcase classname="test_main" file="test_main.py" line="5" name="test_getrawxml[C/://Users//Greg//Documents//GitHub//Stations_Data_from_XML//NRE_XML_Parsing//NRE_XML_Parsing//raw_xml_data//-NRE_Station_Dataset_2018_raw_xml]" time="0.183"></testcase><testcase classname="test_main" file="test_main.py" line="5" name="test_getrawxml[C/://Users//Greg//Documents//GitHub//Stations_Data_from_XML//NRE_XML_Parsing//NRE_XML_Parsing//raw_xml_data//-NRE_Station_Dataset_2019_raw_xml]" time="0.197"></testcase><testcase classname="test_main" file="test_main.py" line="16" name="test_getrawxml_is_xml[C/://Users//Greg//Documents//GitHub//Stations_Data_from_XML//NRE_XML_Parsing//NRE_XML_Parsing//raw_xml_data//-NRE_Station_Dataset_2018_raw_xml]" time="0.187"></testcase><testcase classname="test_main" file="test_main.py" line="16" name="test_getrawxml_is_xml[C/://Users//Greg//Documents//GitHub//Stations_Data_from_XML//NRE_XML_Parsing//NRE_XML_Parsing//raw_xml_data//-NRE_Station_Dataset_2019_raw_xml]" time="0.190"></testcase></testsuite></testsuites>