<?xml version="1.0" encoding="utf-8"?><testsuites><testsuite errors="1" failures="0" hostname="LENOVO" name="pytest" skipped="0" tests="5" time="1.276" timestamp="2020-04-26T16:07:39.490955"><testcase classname="test_main" file="test_main.py" line="25" name="test_baby_test" time="0.001"></testcase><testcase classname="test_main" file="test_main.py" line="20" name="test_get_rawxml_wrong_file_name" time="0.000"></testcase><testcase classname="test_main" file="test_main.py" line="5" name="test_getrawxml[C/://Users//Greg//Documents//GitHub//Stations_Data_from_XML//NRE_XML_Parsing//NRE_XML_Parsing//raw_xml_data//-NRE_Station_Dataset_2018_raw_xml]" time="0.154"></testcase><testcase classname="test_main" file="test_main.py" line="5" name="test_getrawxml[C/://Users//Greg//Documents//GitHub//Stations_Data_from_XML//NRE_XML_Parsing//NRE_XML_Parsing//raw_xml_data//-NRE_Station_Dataset_2019_raw_xml]" time="0.162"></testcase><testcase classname="test_main" file="test_main.py" line="15" name="test_getrawxml_is_xml" time="0.000"><error message="test setup failure">file C:\Users\Greg\Documents\GitHub\Stations_Data_from_XML\NRE_XML_Parsing\NRE_XML_Parsing\test_main.py, line 16
  def test_getrawxml_is_xml(folder,filename):
E       fixture &apos;folder&apos; not found
&gt;       available fixtures: cache, capfd, capfdbinary, caplog, capsys, capsysbinary, cov, doctest_namespace, monkeypatch, no_cover, pytestconfig, record_property, record_testsuite_property, record_xml_attribute, recwarn, tmp_path, tmp_path_factory, tmpdir, tmpdir_factory
&gt;       use &apos;pytest --fixtures [testpath]&apos; for help on them.

C:\Users\Greg\Documents\GitHub\Stations_Data_from_XML\NRE_XML_Parsing\NRE_XML_Parsing\test_main.py:16</error></testcase></testsuite></testsuites>