<?xml version="1.0" encoding="utf-8"?><testsuites><testsuite errors="0" failures="0" hostname="LENOVO" name="pytest" skipped="0" tests="2" time="1.103" timestamp="2020-04-26T14:25:56.598761"><testcase classname="test_main" file="test_main.py" line="10" name="test_baby_test" time="0.000"></testcase><testcase classname="test_main" file="test_main.py" line="5" name="test_getrawxml" time="0.157"></testcase></testsuite></testsuites>