<?xml version="1.0" encoding="utf-8"?><testsuites><testsuite errors="0" failures="0" hostname="LENOVO" name="pytest" skipped="0" tests="4" time="2.449" timestamp="2020-04-26T14:55:45.961322"><testcase classname="test_main" file="test_main.py" line="26" name="test_baby_test" time="0.001"></testcase><testcase classname="test_main" file="test_main.py" line="21" name="test_get_rawxml_wrong_file_name" time="0.002"></testcase><testcase classname="test_main" file="test_main.py" line="11" name="test_getrawxml" time="0.180"></testcase><testcase classname="test_main" file="test_main.py" line="16" name="test_getrawxml_is_xml" time="0.276"></testcase></testsuite></testsuites>