<?xml version="1.0" encoding="utf-8"?><testsuites><testsuite errors="0" failures="0" hostname="LENOVO" name="pytest" skipped="0" tests="3" time="1.411" timestamp="2020-04-26T14:30:20.269077"><testcase classname="test_main" file="test_main.py" line="15" name="test_baby_test" time="0.001"></testcase><testcase classname="test_main" file="test_main.py" line="5" name="test_getrawxml" time="0.183"></testcase><testcase classname="test_main" file="test_main.py" line="10" name="test_getrawxml_is_xml" time="0.204"></testcase></testsuite></testsuites>