<?xml version="1.0" encoding="utf-8"?><testsuites><testsuite errors="0" failures="1" hostname="LENOVO" name="pytest" skipped="0" tests="1" time="0.057" timestamp="2020-04-26T12:47:29.282995"><testcase classname="test_1" file="test_1.py" line="2" name="test_getrawxml" time="0.002"><failure message="NameError: name &apos;getrawxml&apos; is not defined">def test_getrawxml():
&gt;       answer = getrawxml(&quot;C:\\Users\\Greg\\Documents\\GitHub\\Stations_Data_from_XML\\NRE_XML_Parsing\\NRE_XML_Parsing\\raw_xml_data\\&quot;
                           ,&quot;NRE_Station_Dataset_2018_raw.xml&quot;)
E       NameError: name &apos;getrawxml&apos; is not defined

test_1.py:4: NameError</failure></testcase></testsuite></testsuites>