<?xml version="1.0" encoding="utf-8"?><testsuites><testsuite errors="0" failures="1" hostname="LENOVO" name="pytest" skipped="0" tests="1" time="2.313" timestamp="2020-04-26T16:27:04.499537"><testcase classname="test_main" file="test_main.py" line="7" name="test_requesttoken" time="0.228"><failure message="assert {&apos;roles&apos;: {&apos;ROLE_KB_API&apos;: True, &apos;ROLE_STANDARD&apos;: True}, &apos;token&apos;: &apos;greggwilliams58@gmail.com:1587918426000:Wm6S9bU0WmZTm33U704fcRWuSoA0y8U6DG6uiU1FI1w=&apos;, &apos;username&apos;: &apos;greggwilliams58@gmail.com&apos;} == &quot;{&apos;username&apos;: &apos;greggwilliams58@gmail.com&apos;, &apos;roles&apos;: {&apos;ROLE_STANDARD&apos;: True, &apos;ROLE_KB_API&apos;: True}, &apos;token&apos;: &apos;greggwilliams58@gmail.com:1587918185000:bHweEQtGv26ykHytBJpJbG8JtH0pCzG0ZboIWqEzS7E=&apos;}&quot;">def test_requesttoken():
        response = requesttoken(&apos;greggwilliams58@gmail.com&apos;,&apos;Sardonic1789!&apos;)
        expected = &quot;{&apos;username&apos;: &apos;greggwilliams58@gmail.com&apos;, &apos;roles&apos;: {&apos;ROLE_STANDARD&apos;: True, &apos;ROLE_KB_API&apos;: True}, &apos;token&apos;: &apos;greggwilliams58@gmail.com:1587918185000:bHweEQtGv26ykHytBJpJbG8JtH0pCzG0ZboIWqEzS7E=&apos;}&quot;
&gt;       assert response == expected
E       assert {&apos;roles&apos;: {&apos;ROLE_KB_API&apos;: True, &apos;ROLE_STANDARD&apos;: True}, &apos;token&apos;: &apos;greggwilliams58@gmail.com:1587918426000:Wm6S9bU0WmZTm33U704fcRWuSoA0y8U6DG6uiU1FI1w=&apos;, &apos;username&apos;: &apos;greggwilliams58@gmail.com&apos;} == &quot;{&apos;username&apos;: &apos;greggwilliams58@gmail.com&apos;, &apos;roles&apos;: {&apos;ROLE_STANDARD&apos;: True, &apos;ROLE_KB_API&apos;: True}, &apos;token&apos;: &apos;greggwilliams58@gmail.com:1587918185000:bHweEQtGv26ykHytBJpJbG8JtH0pCzG0ZboIWqEzS7E=&apos;}&quot;

test_main.py:11: AssertionError</failure></testcase></testsuite></testsuites>