<?xml version="1.0" encoding="utf-8"?><testsuites><testsuite errors="0" failures="0" hostname="LENOVO" name="pytest" skipped="0" tests="5" time="2.233" timestamp="2020-04-26T16:06:14.262576"><testcase classname="test_main" file="test_main.py" line="25" name="test_baby_test" time="0.001"></testcase><testcase classname="test_main" file="test_main.py" line="20" name="test_get_rawxml_wrong_file_name" time="0.001"></testcase><testcase classname="test_main" file="test_main.py" line="5" name="test_getrawxml[C/://Users//Greg//Documents//GitHub//Stations_Data_from_XML//NRE_XML_Parsing//NRE_XML_Parsing//raw_xml_data//-NRE_Station_Dataset_2018_raw_xml]" time="0.164"></testcase><testcase classname="test_main" file="test_main.py" line="5" name="test_getrawxml[C/://Users//Greg//Documents//GitHub//Stations_Data_from_XML//NRE_XML_Parsing//NRE_XML_Parsing//raw_xml_data//-NRE_Station_Dataset_2019_raw_xml]" time="0.955"></testcase><testcase classname="test_main" file="test_main.py" line="15" name="test_getrawxml_is_xml" time="0.183"></testcase></testsuite></testsuites>