<?xml version="1.0" encoding="utf-8"?><testsuites><testsuite errors="0" failures="0" hostname="LENOVO" name="pytest" skipped="0" tests="4" time="1.360" timestamp="2020-04-26T14:46:09.924563"><testcase classname="test_main" file="test_main.py" line="20" name="test_baby_test" time="0.000"></testcase><testcase classname="test_main" file="test_main.py" line="15" name="test_get_rawxml_wrong_file_name" time="0.003"></testcase><testcase classname="test_main" file="test_main.py" line="5" name="test_getrawxml" time="0.161"></testcase><testcase classname="test_main" file="test_main.py" line="10" name="test_getrawxml_is_xml" time="0.164"></testcase></testsuite></testsuites>