<?xml version="1.0" encoding="utf-8"?><testsuites><testsuite errors="0" failures="0" hostname="LENOVO" name="pytest" skipped="0" tests="7" time="1.878" timestamp="2020-04-26T16:45:57.032355"><testcase classname="test_main" file="test_main.py" line="42" name="test_baby_test" time="0.001"></testcase><testcase classname="test_main" file="test_main.py" line="37" name="test_get_rawxml_wrong_file_name" time="0.000"></testcase><testcase classname="test_main" file="test_main.py" line="16" name="test_getrawxml[C/://Users//Greg//Documents//GitHub//Stations_Data_from_XML//NRE_XML_Parsing//NRE_XML_Parsing//raw_xml_data//-NRE_Station_Dataset_2018_raw_xml]" time="0.172"></testcase><testcase classname="test_main" file="test_main.py" line="16" name="test_getrawxml[C/://Users//Greg//Documents//GitHub//Stations_Data_from_XML//NRE_XML_Parsing//NRE_XML_Parsing//raw_xml_data//-NRE_Station_Dataset_2019_raw_xml]" time="0.178"></testcase><testcase classname="test_main" file="test_main.py" line="27" name="test_getrawxml_is_xml[C/://Users//Greg//Documents//GitHub//Stations_Data_from_XML//NRE_XML_Parsing//NRE_XML_Parsing//raw_xml_data//-NRE_Station_Dataset_2018_raw_xml]" time="0.172"></testcase><testcase classname="test_main" file="test_main.py" line="27" name="test_getrawxml_is_xml[C/://Users//Greg//Documents//GitHub//Stations_Data_from_XML//NRE_XML_Parsing//NRE_XML_Parsing//raw_xml_data//-NRE_Station_Dataset_2019_raw_xml]" time="0.176"></testcase><testcase classname="test_main" file="test_main.py" line="7" name="test_requesttoken" time="0.195"></testcase></testsuite></testsuites>